C:\Program Files (x86)\Microsoft Visual Studio\2019\Community\MSBuild\Microsoft\VC\v160\Microsoft.CppBuild.targets(519,5): warning MSB8028: 中間ディレクトリ (Debug\) に別のプロジェクト (Flame_Of _Life.vcxproj) と共有されているファイルが含まれています。これにより、クリーンしてリビルド動作が適切に行われない可能性があります。
  pch.cpp
  Animation.cpp
  BackGround.cpp
  BoneTransform.cpp
  BoxCollider.cpp
  Candle.cpp
  ColliderComponent.cpp
  Collision.cpp
  Component.cpp
  CountUp.cpp
  EasyStage.cpp
  EffectManager.cpp
  FallEffect.cpp
  FallEffectManager.cpp
  FireObject.cpp
  Font.cpp
  FPS.cpp
  Game.cpp
  GameObject.cpp
  GameObjectManager.cpp
  Ground.cpp
C:\Users\student\Desktop\YouForget\Action\Flame_Of _Life\Ground.cpp(35,12): warning C4244: '引数': 'time_t' から 'unsigned int' への変換です。データが失われる可能性があります。
  コードを生成中...
  コンパイル中...
  HardStage.cpp
  InputSystem.cpp
  ItemBase.cpp
  ItemCat.cpp
  ItemChair.cpp
  ItemEffect.cpp
  ItemEffectManager.cpp
  Item.cpp
  ItemTree.cpp
  ItemCount.cpp
  ItemSword.cpp
  Jump.cpp
  LegsCollider.cpp
  ItemLighter.cpp
  main.cpp
  MainCameraObject.cpp
  MapCreate.cpp
  Math.cpp
  Mesh.cpp
  MeshComponent.cpp
  コードを生成中...
  コンパイル中...
  NormalStage.cpp
  ParticleComponent.cpp
  ParticleEffectBase.cpp
  PhysicsWorld.cpp
  RapidJsonHelper.cpp
  Renderer.cpp
  Player.cpp
  ItemChara.cpp
  SandEffect.cpp
  SceneBase.cpp
  Shader.cpp
  SkeletalMeshComponent.cpp
  Skeleton.cpp
  Switch.cpp
  SphereCollider.cpp
  Sprite.cpp
  SpriteComponent.cpp
  SwitchCollider.cpp
  testResult.cpp
C:\Users\student\Desktop\YouForget\Action\Flame_Of _Life\testResult.cpp(76,12): warning C4018: '<': signed と unsigned の数値を比較しようとしました。
C:\Users\student\Desktop\YouForget\Action\Flame_Of _Life\testResult.cpp(116,11): warning C4018: '<': signed と unsigned の数値を比較しようとしました。
C:\Users\student\Desktop\YouForget\Action\Flame_Of _Life\testResult.cpp(144,22): warning C4018: '<': signed と unsigned の数値を比較しようとしました。
  Texture.cpp
  コードを生成中...
  コンパイル中...
  Title.cpp
  Tutorial.cpp
  UIBase.cpp
  VertexArray.cpp
  コードを生成中...
  Flame_Of _Life.vcxproj -> C:\Users\student\Desktop\YouForget\Action\Debug\YouForget.exe
