c:\users\student\desktop\flame_of_life\action\flame_of _life\debug\flame_of _life.pch
c:\users\student\desktop\flame_of_life\action\flame_of _life\debug\vc142.pdb
c:\users\student\desktop\flame_of_life\action\flame_of _life\debug\vc142.idb
c:\users\student\desktop\flame_of_life\action\flame_of _life\debug\pch.obj
c:\users\student\desktop\flame_of_life\action\flame_of _life\debug\itembase.obj
c:\users\student\desktop\flame_of_life\action\flame_of _life\debug\inputsystem.obj
c:\users\student\desktop\flame_of_life\action\flame_of _life\debug\hardstage.obj
c:\users\student\desktop\flame_of_life\action\flame_of _life\debug\ground.obj
c:\users\student\desktop\flame_of_life\action\flame_of _life\debug\gameobjectmanager.obj
c:\users\student\desktop\flame_of_life\action\flame_of _life\debug\gameobject.obj
c:\users\student\desktop\flame_of_life\action\flame_of _life\debug\game.obj
c:\users\student\desktop\flame_of_life\action\flame_of _life\debug\font.obj
c:\users\student\desktop\flame_of_life\action\flame_of _life\debug\fireobject.obj
c:\users\student\desktop\flame_of_life\action\flame_of _life\debug\fps.obj
c:\users\student\desktop\flame_of_life\action\flame_of _life\debug\effectmanager.obj
c:\users\student\desktop\flame_of_life\action\flame_of _life\debug\easystage.obj
c:\users\student\desktop\flame_of_life\action\flame_of _life\debug\countup.obj
c:\users\student\desktop\flame_of_life\action\flame_of _life\debug\component.obj
c:\users\student\desktop\flame_of_life\action\flame_of _life\debug\collision.obj
c:\users\student\desktop\flame_of_life\action\flame_of _life\debug\collidercomponent.obj
c:\users\student\desktop\flame_of_life\action\flame_of _life\debug\candle.obj
c:\users\student\desktop\flame_of_life\action\flame_of _life\debug\boxcollider.obj
c:\users\student\desktop\flame_of_life\action\flame_of _life\debug\bonetransform.obj
c:\users\student\desktop\flame_of_life\action\flame_of _life\debug\animation.obj
c:\users\student\desktop\flame_of_life\action\flame_of _life\debug\player.obj
c:\users\student\desktop\flame_of_life\action\flame_of _life\debug\physicsworld.obj
c:\users\student\desktop\flame_of_life\action\flame_of _life\debug\particleeffectbase.obj
c:\users\student\desktop\flame_of_life\action\flame_of _life\debug\particlecomponent.obj
c:\users\student\desktop\flame_of_life\action\flame_of _life\debug\normalstage.obj
c:\users\student\desktop\flame_of_life\action\flame_of _life\debug\meshcomponent.obj
c:\users\student\desktop\flame_of_life\action\flame_of _life\debug\mesh.obj
c:\users\student\desktop\flame_of_life\action\flame_of _life\debug\math.obj
c:\users\student\desktop\flame_of_life\action\flame_of _life\debug\mapcreate.obj
c:\users\student\desktop\flame_of_life\action\flame_of _life\debug\maincameraobject.obj
c:\users\student\desktop\flame_of_life\action\flame_of _life\debug\legscollider.obj
c:\users\student\desktop\flame_of_life\action\flame_of _life\debug\jump.obj
c:\users\student\desktop\flame_of_life\action\flame_of _life\debug\itemtree.obj
c:\users\student\desktop\flame_of_life\action\flame_of _life\debug\itemtest.obj
c:\users\student\desktop\flame_of_life\action\flame_of _life\debug\itemsword.obj
c:\users\student\desktop\flame_of_life\action\flame_of _life\debug\itemlighter.obj
c:\users\student\desktop\flame_of_life\action\flame_of _life\debug\itemcount.obj
c:\users\student\desktop\flame_of_life\action\flame_of _life\debug\itemchara.obj
c:\users\student\desktop\flame_of_life\action\flame_of _life\debug\itemchair.obj
c:\users\student\desktop\flame_of_life\action\flame_of _life\debug\itemcat.obj
c:\users\student\desktop\flame_of_life\action\flame_of _life\debug\main.obj
c:\users\student\desktop\flame_of_life\action\flame_of _life\debug\vertexarray.obj
c:\users\student\desktop\flame_of_life\action\flame_of _life\debug\uibase.obj
c:\users\student\desktop\flame_of_life\action\flame_of _life\debug\tutorial.obj
c:\users\student\desktop\flame_of_life\action\flame_of _life\debug\title.obj
c:\users\student\desktop\flame_of_life\action\flame_of _life\debug\texture.obj
c:\users\student\desktop\flame_of_life\action\flame_of _life\debug\switchcollider.obj
c:\users\student\desktop\flame_of_life\action\flame_of _life\debug\switch.obj
c:\users\student\desktop\flame_of_life\action\flame_of _life\debug\spritecomponent.obj
c:\users\student\desktop\flame_of_life\action\flame_of _life\debug\sprite.obj
c:\users\student\desktop\flame_of_life\action\flame_of _life\debug\spherecollider.obj
c:\users\student\desktop\flame_of_life\action\flame_of _life\debug\skeleton.obj
c:\users\student\desktop\flame_of_life\action\flame_of _life\debug\skeletalmeshcomponent.obj
c:\users\student\desktop\flame_of_life\action\flame_of _life\debug\shader.obj
c:\users\student\desktop\flame_of_life\action\flame_of _life\debug\scenebase.obj
c:\users\student\desktop\flame_of_life\action\flame_of _life\debug\sandeffect.obj
c:\users\student\desktop\flame_of_life\action\flame_of _life\debug\result.obj
c:\users\student\desktop\flame_of_life\action\flame_of _life\debug\renderer.obj
c:\users\student\desktop\flame_of_life\action\flame_of _life\debug\rapidjsonhelper.obj
c:\users\student\desktop\flame_of_life\action\debug\flame_of _life.exe
c:\users\student\desktop\flame_of_life\action\debug\flame_of _life.ilk
c:\users\student\desktop\flame_of_life\action\debug\flame_of _life.pdb
c:\users\student\desktop\flame_of_life\action\flame_of _life\debug\flame_of _life.tlog\cl.command.1.tlog
c:\users\student\desktop\flame_of_life\action\flame_of _life\debug\flame_of _life.tlog\cl.read.1.tlog
c:\users\student\desktop\flame_of_life\action\flame_of _life\debug\flame_of _life.tlog\cl.write.1.tlog
c:\users\student\desktop\flame_of_life\action\flame_of _life\debug\flame_of _life.tlog\link.command.1.tlog
c:\users\student\desktop\flame_of_life\action\flame_of _life\debug\flame_of _life.tlog\link.read.1.tlog
c:\users\student\desktop\flame_of_life\action\flame_of _life\debug\flame_of _life.tlog\link.write.1.tlog
