c:\users\suzun\desktop\youforget\action\youforget\debug\youforget.pch
c:\users\suzun\desktop\youforget\action\youforget\debug\vc142.pdb
c:\users\suzun\desktop\youforget\action\youforget\debug\vc142.idb
c:\users\suzun\desktop\youforget\action\youforget\debug\pch.obj
c:\users\suzun\desktop\youforget\action\youforget\debug\ground.obj
c:\users\suzun\desktop\youforget\action\youforget\debug\gameobjectmanager.obj
c:\users\suzun\desktop\youforget\action\youforget\debug\gameobject.obj
c:\users\suzun\desktop\youforget\action\youforget\debug\game.obj
c:\users\suzun\desktop\youforget\action\youforget\debug\font.obj
c:\users\suzun\desktop\youforget\action\youforget\debug\firststage.obj
c:\users\suzun\desktop\youforget\action\youforget\debug\firstresult.obj
c:\users\suzun\desktop\youforget\action\youforget\debug\fireobject.obj
c:\users\suzun\desktop\youforget\action\youforget\debug\falleffectmanager.obj
c:\users\suzun\desktop\youforget\action\youforget\debug\falleffect.obj
c:\users\suzun\desktop\youforget\action\youforget\debug\fps.obj
c:\users\suzun\desktop\youforget\action\youforget\debug\effectmanager.obj
c:\users\suzun\desktop\youforget\action\youforget\debug\component.obj
c:\users\suzun\desktop\youforget\action\youforget\debug\collision.obj
c:\users\suzun\desktop\youforget\action\youforget\debug\collidercomponent.obj
c:\users\suzun\desktop\youforget\action\youforget\debug\candle.obj
c:\users\suzun\desktop\youforget\action\youforget\debug\boxcollider.obj
c:\users\suzun\desktop\youforget\action\youforget\debug\bonetransform.obj
c:\users\suzun\desktop\youforget\action\youforget\debug\background.obj
c:\users\suzun\desktop\youforget\action\youforget\debug\animation.obj
c:\users\suzun\desktop\youforget\action\youforget\debug\sandeffect.obj
c:\users\suzun\desktop\youforget\action\youforget\debug\resultbase.obj
c:\users\suzun\desktop\youforget\action\youforget\debug\renderer.obj
c:\users\suzun\desktop\youforget\action\youforget\debug\rapidjsonhelper.obj
c:\users\suzun\desktop\youforget\action\youforget\debug\player.obj
c:\users\suzun\desktop\youforget\action\youforget\debug\physicsworld.obj
c:\users\suzun\desktop\youforget\action\youforget\debug\particleeffectbase.obj
c:\users\suzun\desktop\youforget\action\youforget\debug\particlecomponent.obj
c:\users\suzun\desktop\youforget\action\youforget\debug\meshcomponent.obj
c:\users\suzun\desktop\youforget\action\youforget\debug\mesh.obj
c:\users\suzun\desktop\youforget\action\youforget\debug\math.obj
c:\users\suzun\desktop\youforget\action\youforget\debug\mapcreate.obj
c:\users\suzun\desktop\youforget\action\youforget\debug\maincameraobject.obj
c:\users\suzun\desktop\youforget\action\youforget\debug\legscollider.obj
c:\users\suzun\desktop\youforget\action\youforget\debug\jump.obj
c:\users\suzun\desktop\youforget\action\youforget\debug\itemeffectmanager.obj
c:\users\suzun\desktop\youforget\action\youforget\debug\itemeffect.obj
c:\users\suzun\desktop\youforget\action\youforget\debug\itembase.obj
c:\users\suzun\desktop\youforget\action\youforget\debug\item.obj
c:\users\suzun\desktop\youforget\action\youforget\debug\inputsystem.obj
c:\users\suzun\desktop\youforget\action\youforget\debug\main.obj
c:\users\suzun\desktop\youforget\action\youforget\debug\vertexarray.obj
c:\users\suzun\desktop\youforget\action\youforget\debug\uibase.obj
c:\users\suzun\desktop\youforget\action\youforget\debug\tutorial.obj
c:\users\suzun\desktop\youforget\action\youforget\debug\title.obj
c:\users\suzun\desktop\youforget\action\youforget\debug\thirdstage.obj
c:\users\suzun\desktop\youforget\action\youforget\debug\thirdresult.obj
c:\users\suzun\desktop\youforget\action\youforget\debug\texture.obj
c:\users\suzun\desktop\youforget\action\youforget\debug\switchcollider.obj
c:\users\suzun\desktop\youforget\action\youforget\debug\switch.obj
c:\users\suzun\desktop\youforget\action\youforget\debug\spritecomponent.obj
c:\users\suzun\desktop\youforget\action\youforget\debug\sprite.obj
c:\users\suzun\desktop\youforget\action\youforget\debug\spherecollider.obj
c:\users\suzun\desktop\youforget\action\youforget\debug\skeleton.obj
c:\users\suzun\desktop\youforget\action\youforget\debug\skeletalmeshcomponent.obj
c:\users\suzun\desktop\youforget\action\youforget\debug\shader.obj
c:\users\suzun\desktop\youforget\action\youforget\debug\secondstage.obj
c:\users\suzun\desktop\youforget\action\youforget\debug\secondresult.obj
c:\users\suzun\desktop\youforget\action\youforget\debug\scenebase.obj
c:\users\suzun\desktop\youforget\action\debug\youforget.exe
c:\users\suzun\desktop\youforget\action\debug\youforget.ilk
c:\users\suzun\desktop\youforget\action\debug\youforget.pdb
c:\users\suzun\desktop\youforget\action\youforget\debug\result.obj
c:\users\suzun\desktop\youforget\action\youforget\debug\youforget.tlog\cl.command.1.tlog
c:\users\suzun\desktop\youforget\action\youforget\debug\youforget.tlog\cl.read.1.tlog
c:\users\suzun\desktop\youforget\action\youforget\debug\youforget.tlog\cl.write.1.tlog
c:\users\suzun\desktop\youforget\action\youforget\debug\youforget.tlog\link.command.1.tlog
c:\users\suzun\desktop\youforget\action\youforget\debug\youforget.tlog\link.read.1.tlog
c:\users\suzun\desktop\youforget\action\youforget\debug\youforget.tlog\link.write.1.tlog
