  pch.cpp
  Animation.cpp
  BackGround.cpp
  BoneTransform.cpp
  BoxCollider.cpp
  ButtonUI.cpp
  Candle.cpp
  ColliderComponent.cpp
  Collision.cpp
  Component.cpp
  FirstResult.cpp
  FirstStage.cpp
  EffectManager.cpp
  FallEffect.cpp
  FallEffectManager.cpp
  FireObject.cpp
  Font.cpp
  FPS.cpp
  Game.cpp
  GameObject.cpp
  GameObjectManager.cpp
  コードを生成中...
  コンパイル中...
  Ground.cpp
  Result.cpp
  ResultBase.cpp
  SecondResult.cpp
  Sound.cpp
  ThirdResult.cpp
  ThirdStage.cpp
  InputSystem.cpp
  ItemBase.cpp
  ItemEffect.cpp
  ItemEffectManager.cpp
  Item.cpp
  Jump.cpp
  LegsCollider.cpp
  main.cpp
  MainCameraObject.cpp
  MapCreate.cpp
  Math.cpp
  Mesh.cpp
  MeshComponent.cpp
  コードを生成中...
  コンパイル中...
  SecondStage.cpp
  ParticleComponent.cpp
  ParticleEffectBase.cpp
  PhysicsWorld.cpp
  RapidJsonHelper.cpp
  Renderer.cpp
  Player.cpp
  SandEffect.cpp
  SceneBase.cpp
  Shader.cpp
  SkeletalMeshComponent.cpp
  Skeleton.cpp
  Switch.cpp
  SphereCollider.cpp
  Sprite.cpp
  SpriteComponent.cpp
  SwitchCollider.cpp
  Texture.cpp
  Title.cpp
  Tutorial.cpp
  コードを生成中...
  コンパイル中...
  UIBase.cpp
  UIComponent.cpp
  VertexArray.cpp
  コードを生成中...
  YouForget.vcxproj -> C:\Users\suzun\Desktop\suzuna_games\Flame_of_Life\Action\Debug\YouForget.exe
