  pch.cpp
  Animation.cpp
  BackGround.cpp
  BoneTransform.cpp
  BoxCollider.cpp
  ButtonUI.cpp
  CircledShadow.cpp
  CircledShadowManager.cpp
  ColliderComponent.cpp
  Collision.cpp
  Component.cpp
  FirstResult.cpp
  FirstStage.cpp
  EffectManager.cpp
  FallEffect.cpp
  FallEffectManager.cpp
  FPS.cpp
  Game.cpp
  GameObject.cpp
  GameObjectManager.cpp
  GoalEffect.cpp
  コードを生成中...
  コンパイル中...
  GoalEffectManager.cpp
  Ground.cpp
  Result.cpp
  ResultBase.cpp
C:\Users\student\Desktop\Flame_of_Life\Action\YouForget\ResultBase.cpp(49,38): warning C4267: '初期化中': 'size_t' から 'int' に変換しました。データが失われているかもしれません。
  SecondResult.cpp
  ThirdResult.cpp
  ThirdStage.cpp
  InputSystem.cpp
  ItemBase.cpp
  ItemEffect.cpp
  ItemEffectManager.cpp
  Item.cpp
  Jump.cpp
  LegsCollider.cpp
  main.cpp
  MainCameraObject.cpp
  MapCreate.cpp
C:\Users\student\Desktop\Flame_of_Life\Action\YouForget\MapCreate.cpp(83,39): warning C4267: '=': 'size_t' から 'int' に変換しました。データが失われているかもしれません。
C:\Users\student\Desktop\Flame_of_Life\Action\YouForget\MapCreate.cpp(84,36): warning C4267: '=': 'size_t' から 'int' に変換しました。データが失われているかもしれません。
  Math.cpp
  Mesh.cpp
C:\Users\student\Desktop\Flame_of_Life\Action\YouForget\Mesh.cpp(250,65): warning C4267: '引数': 'size_t' から 'unsigned int' に変換しました。データが失われているかもしれません。
  MeshComponent.cpp
  コードを生成中...
  コンパイル中...
  SecondStage.cpp
  ParticleComponent.cpp
  ParticleEffectBase.cpp
  PhysicsWorld.cpp
  RapidJsonHelper.cpp
  Renderer.cpp
  Player.cpp
  SceneBase.cpp
  Shader.cpp
  SkeletalMeshComponent.cpp
  Skeleton.cpp
  Switch.cpp
  SphereCollider.cpp
  Sprite.cpp
  SpriteComponent.cpp
  SwitchCollider.cpp
  Texture.cpp
  Title.cpp
  UIBase.cpp
  UIComponent.cpp
  コードを生成中...
  コンパイル中...
  VertexArray.cpp
  コードを生成中...
  GoalObj.cpp
FPS.obj : error LNK2019: 未解決の外部シンボル SDL_GetTicks が関数 "public: void __cdecl FPS::Update(void)" (?Update@FPS@@QEAAXXZ) で参照されました
Game.obj : error LNK2019: 未解決の外部シンボル SDL_GetError が関数 "public: bool __cdecl Game::Initialize(void)" (?Initialize@Game@@QEAA_NXZ) で参照されました
InputSystem.obj : error LNK2001: 外部シンボル SDL_GetError は未解決です
Renderer.obj : error LNK2001: 外部シンボル SDL_GetError は未解決です
Game.obj : error LNK2019: 未解決の外部シンボル SDL_PollEvent が関数 "private: void __cdecl Game::ProcessInput(void)" (?ProcessInput@Game@@AEAAXXZ) で参照されました
Game.obj : error LNK2019: 未解決の外部シンボル SDL_Log が関数 "public: bool __cdecl Game::Initialize(void)" (?Initialize@Game@@QEAA_NXZ) で参照されました
Mesh.obj : error LNK2001: 外部シンボル SDL_Log は未解決です
Renderer.obj : error LNK2001: 外部シンボル SDL_Log は未解決です
Shader.obj : error LNK2001: 外部シンボル SDL_Log は未解決です
Game.obj : error LNK2019: 未解決の外部シンボル SDL_Init が関数 "public: bool __cdecl Game::Initialize(void)" (?Initialize@Game@@QEAA_NXZ) で参照されました
Game.obj : error LNK2019: 未解決の外部シンボル SDL_Quit が関数 "public: void __cdecl Game::Termination(void)" (?Termination@Game@@QEAAXXZ) で参照されました
InputSystem.obj : error LNK2019: 未解決の外部シンボル SDL_RWFromFile が関数 "public: bool __cdecl InputSystem::Initialize(void)" (?Initialize@InputSystem@@QEAA_NXZ) で参照されました
InputSystem.obj : error LNK2019: 未解決の外部シンボル SDL_GetKeyboardState が関数 "public: bool __cdecl InputSystem::Initialize(void)" (?Initialize@InputSystem@@QEAA_NXZ) で参照されました
InputSystem.obj : error LNK2019: 未解決の外部シンボル SDL_GetMouseState が関数 "public: void __cdecl InputSystem::Update(void)" (?Update@InputSystem@@QEAAXXZ) で参照されました
InputSystem.obj : error LNK2019: 未解決の外部シンボル SDL_GetRelativeMouseState が関数 "public: void __cdecl InputSystem::Update(void)" (?Update@InputSystem@@QEAAXXZ) で参照されました
InputSystem.obj : error LNK2019: 未解決の外部シンボル SDL_SetRelativeMouseMode が関数 "public: void __cdecl InputSystem::SetRelativeMouseMode(bool)" (?SetRelativeMouseMode@InputSystem@@QEAAX_N@Z) で参照されました
InputSystem.obj : error LNK2019: 未解決の外部シンボル SDL_GameControllerAddMappingsFromRW が関数 "public: bool __cdecl InputSystem::Initialize(void)" (?Initialize@InputSystem@@QEAA_NXZ) で参照されました
InputSystem.obj : error LNK2019: 未解決の外部シンボル SDL_GameControllerMapping が関数 "public: bool __cdecl InputSystem::Initialize(void)" (?Initialize@InputSystem@@QEAA_NXZ) で参照されました
InputSystem.obj : error LNK2019: 未解決の外部シンボル SDL_IsGameController が関数 "public: bool __cdecl InputSystem::Initialize(void)" (?Initialize@InputSystem@@QEAA_NXZ) で参照されました
InputSystem.obj : error LNK2019: 未解決の外部シンボル SDL_GameControllerOpen が関数 "public: bool __cdecl InputSystem::Initialize(void)" (?Initialize@InputSystem@@QEAA_NXZ) で参照されました
InputSystem.obj : error LNK2019: 未解決の外部シンボル SDL_GameControllerEventState が関数 "public: bool __cdecl InputSystem::Initialize(void)" (?Initialize@InputSystem@@QEAA_NXZ) で参照されました
InputSystem.obj : error LNK2019: 未解決の外部シンボル SDL_GameControllerUpdate が関数 "public: void __cdecl InputSystem::Update(void)" (?Update@InputSystem@@QEAAXXZ) で参照されました
InputSystem.obj : error LNK2019: 未解決の外部シンボル SDL_GameControllerGetAxis が関数 "public: void __cdecl InputSystem::Update(void)" (?Update@InputSystem@@QEAAXXZ) で参照されました
InputSystem.obj : error LNK2019: 未解決の外部シンボル SDL_GameControllerGetButton が関数 "public: void __cdecl InputSystem::Update(void)" (?Update@InputSystem@@QEAAXXZ) で参照されました
InputSystem.obj : error LNK2019: 未解決の外部シンボル SDL_GameControllerClose が関数 "public: void __cdecl InputSystem::Shutdown(void)" (?Shutdown@InputSystem@@QEAAXXZ) で参照されました
InputSystem.obj : error LNK2019: 未解決の外部シンボル SDL_LogWarn が関数 "public: bool __cdecl InputSystem::Initialize(void)" (?Initialize@InputSystem@@QEAA_NXZ) で参照されました
Texture.obj : error LNK2001: 外部シンボル __imp___glewActiveTexture は未解決です
UIComponent.obj : error LNK2001: 外部シンボル __imp___glewActiveTexture は未解決です
MeshComponent.obj : error LNK2001: 外部シンボル __imp___glewActiveTexture は未解決です
ParticleComponent.obj : error LNK2001: 外部シンボル __imp___glewActiveTexture は未解決です
SkeletalMeshComponent.obj : error LNK2001: 外部シンボル __imp___glewActiveTexture は未解決です
SpriteComponent.obj : error LNK2001: 外部シンボル __imp___glewActiveTexture は未解決です
PhysicsWorld.obj : error LNK2019: 未解決の外部シンボル __imp___glewBindBuffer が関数 "private: void __cdecl PhysicsWorld::InitBoxVertices(void)" (?InitBoxVertices@PhysicsWorld@@AEAAXXZ) で参照されました
VertexArray.obj : error LNK2001: 外部シンボル __imp___glewBindBuffer は未解決です
PhysicsWorld.obj : error LNK2019: 未解決の外部シンボル __imp___glewBufferData が関数 "private: void __cdecl PhysicsWorld::InitBoxVertices(void)" (?InitBoxVertices@PhysicsWorld@@AEAAXXZ) で参照されました
VertexArray.obj : error LNK2001: 外部シンボル __imp___glewBufferData は未解決です
PhysicsWorld.obj : error LNK2019: 未解決の外部シンボル __imp___glewGenBuffers が関数 "private: void __cdecl PhysicsWorld::InitBoxVertices(void)" (?InitBoxVertices@PhysicsWorld@@AEAAXXZ) で参照されました
VertexArray.obj : error LNK2001: 外部シンボル __imp___glewGenBuffers は未解決です
PhysicsWorld.obj : error LNK2019: 未解決の外部シンボル __imp___glewEnableVertexAttribArray が関数 "private: void __cdecl PhysicsWorld::InitBoxVertices(void)" (?InitBoxVertices@PhysicsWorld@@AEAAXXZ) で参照されました
VertexArray.obj : error LNK2001: 外部シンボル __imp___glewEnableVertexAttribArray は未解決です
PhysicsWorld.obj : error LNK2019: 未解決の外部シンボル __imp___glewVertexAttribPointer が関数 "private: void __cdecl PhysicsWorld::InitBoxVertices(void)" (?InitBoxVertices@PhysicsWorld@@AEAAXXZ) で参照されました
VertexArray.obj : error LNK2001: 外部シンボル __imp___glewVertexAttribPointer は未解決です
PhysicsWorld.obj : error LNK2019: 未解決の外部シンボル __imp___glewBindVertexArray が関数 "private: void __cdecl PhysicsWorld::DrawCollisions(class std::vector<class BoxCollider *,class std::allocator<class BoxCollider *> > &,class Vector3 const &)" (?DrawCollisions@PhysicsWorld@@AEAAXAEAV?$vector@PEAVBoxCollider@@V?$allocator@PEAVBoxCollider@@@std@@@std@@AEBVVector3@@@Z) で参照されました
VertexArray.obj : error LNK2001: 外部シンボル __imp___glewBindVertexArray は未解決です
PhysicsWorld.obj : error LNK2019: 未解決の外部シンボル __imp___glewGenVertexArrays が関数 "private: void __cdecl PhysicsWorld::InitBoxVertices(void)" (?InitBoxVertices@PhysicsWorld@@AEAAXXZ) で参照されました
VertexArray.obj : error LNK2001: 外部シンボル __imp___glewGenVertexArrays は未解決です
Renderer.obj : error LNK2019: 未解決の外部シンボル __imp_glewInit が関数 "public: bool __cdecl Renderer::Initialize(float,float,bool)" (?Initialize@Renderer@@QEAA_NMM_N@Z) で参照されました
Renderer.obj : error LNK2019: 未解決の外部シンボル SDL_CreateWindow が関数 "public: bool __cdecl Renderer::Initialize(float,float,bool)" (?Initialize@Renderer@@QEAA_NMM_N@Z) で参照されました
Renderer.obj : error LNK2019: 未解決の外部シンボル SDL_SetWindowFullscreen が関数 "public: bool __cdecl Renderer::Initialize(float,float,bool)" (?Initialize@Renderer@@QEAA_NMM_N@Z) で参照されました
Renderer.obj : error LNK2019: 未解決の外部シンボル SDL_DestroyWindow が関数 "public: void __cdecl Renderer::Shutdown(void)" (?Shutdown@Renderer@@QEAAXXZ) で参照されました
Renderer.obj : error LNK2019: 未解決の外部シンボル SDL_GL_SetAttribute が関数 "public: bool __cdecl Renderer::Initialize(float,float,bool)" (?Initialize@Renderer@@QEAA_NMM_N@Z) で参照されました
Renderer.obj : error LNK2019: 未解決の外部シンボル SDL_GL_CreateContext が関数 "public: bool __cdecl Renderer::Initialize(float,float,bool)" (?Initialize@Renderer@@QEAA_NMM_N@Z) で参照されました
Renderer.obj : error LNK2019: 未解決の外部シンボル SDL_GL_SwapWindow が関数 "public: void __cdecl Renderer::Draw(void)" (?Draw@Renderer@@QEAAXXZ) で参照されました
Renderer.obj : error LNK2019: 未解決の外部シンボル SDL_GL_DeleteContext が関数 "public: void __cdecl Renderer::Shutdown(void)" (?Shutdown@Renderer@@QEAAXXZ) で参照されました
Renderer.obj : error LNK2019: 未解決の外部シンボル SDL_CreateRenderer が関数 "public: bool __cdecl Renderer::Initialize(float,float,bool)" (?Initialize@Renderer@@QEAA_NMM_N@Z) で参照されました
Renderer.obj : error LNK2019: 未解決の外部シンボル SDL_DestroyRenderer が関数 "public: void __cdecl Renderer::Shutdown(void)" (?Shutdown@Renderer@@QEAAXXZ) で参照されました
Renderer.obj : error LNK2019: 未解決の外部シンボル TTF_Init が関数 "public: bool __cdecl Renderer::Initialize(float,float,bool)" (?Initialize@Renderer@@QEAA_NMM_N@Z) で参照されました
Renderer.obj : error LNK2019: 未解決の外部シンボル __imp___glewBlendFuncSeparate が関数 "public: void __cdecl Renderer::Draw(void)" (?Draw@Renderer@@QEAAXXZ) で参照されました
Renderer.obj : error LNK2019: 未解決の外部シンボル __imp___glewBlendEquationSeparate が関数 "public: void __cdecl Renderer::Draw(void)" (?Draw@Renderer@@QEAAXXZ) で参照されました
Renderer.obj : error LNK2019: 未解決の外部シンボル __imp___glewBindFramebuffer が関数 "private: void __cdecl Renderer::Draw3DScene(unsigned int,class Matrix4 const &,class Matrix4 const &,float,bool)" (?Draw3DScene@Renderer@@AEAAXIAEBVMatrix4@@0M_N@Z) で参照されました
Renderer.obj : error LNK2019: 未解決の外部シンボル __imp_glewExperimental が関数 "public: bool __cdecl Renderer::Initialize(float,float,bool)" (?Initialize@Renderer@@QEAA_NMM_N@Z) で参照されました
Shader.obj : error LNK2019: 未解決の外部シンボル __imp___glewAttachShader が関数 "public: bool __cdecl Shader::Load(class std::basic_string<char,struct std::char_traits<char>,class std::allocator<char> > const &,class std::basic_string<char,struct std::char_traits<char>,class std::allocator<char> > const &)" (?Load@Shader@@QEAA_NAEBV?$basic_string@DU?$char_traits@D@std@@V?$allocator@D@2@@std@@0@Z) で参照されました
Shader.obj : error LNK2019: 未解決の外部シンボル __imp___glewCompileShader が関数 "private: bool __cdecl Shader::CompileShader(class std::basic_string<char,struct std::char_traits<char>,class std::allocator<char> > const &,unsigned int,unsigned int &)" (?CompileShader@Shader@@AEAA_NAEBV?$basic_string@DU?$char_traits@D@std@@V?$allocator@D@2@@std@@IAEAI@Z) で参照されました
Shader.obj : error LNK2019: 未解決の外部シンボル __imp___glewCreateProgram が関数 "public: bool __cdecl Shader::Load(class std::basic_string<char,struct std::char_traits<char>,class std::allocator<char> > const &,class std::basic_string<char,struct std::char_traits<char>,class std::allocator<char> > const &)" (?Load@Shader@@QEAA_NAEBV?$basic_string@DU?$char_traits@D@std@@V?$allocator@D@2@@std@@0@Z) で参照されました
Shader.obj : error LNK2019: 未解決の外部シンボル __imp___glewCreateShader が関数 "private: bool __cdecl Shader::CompileShader(class std::basic_string<char,struct std::char_traits<char>,class std::allocator<char> > const &,unsigned int,unsigned int &)" (?CompileShader@Shader@@AEAA_NAEBV?$basic_string@DU?$char_traits@D@std@@V?$allocator@D@2@@std@@IAEAI@Z) で参照されました
Shader.obj : error LNK2019: 未解決の外部シンボル __imp___glewDeleteProgram が関数 "public: void __cdecl Shader::Unload(void)" (?Unload@Shader@@QEAAXXZ) で参照されました
Shader.obj : error LNK2019: 未解決の外部シンボル __imp___glewDeleteShader が関数 "public: void __cdecl Shader::Unload(void)" (?Unload@Shader@@QEAAXXZ) で参照されました
Shader.obj : error LNK2019: 未解決の外部シンボル __imp___glewGetProgramInfoLog が関数 "private: bool __cdecl Shader::IsVaildProgram(void)" (?IsVaildProgram@Shader@@AEAA_NXZ) で参照されました
Shader.obj : error LNK2019: 未解決の外部シンボル __imp___glewGetProgramiv が関数 "private: bool __cdecl Shader::IsVaildProgram(void)" (?IsVaildProgram@Shader@@AEAA_NXZ) で参照されました
Shader.obj : error LNK2019: 未解決の外部シンボル __imp___glewGetShaderInfoLog が関数 "private: bool __cdecl Shader::IsCompiled(unsigned int)" (?IsCompiled@Shader@@AEAA_NI@Z) で参照されました
Shader.obj : error LNK2019: 未解決の外部シンボル __imp___glewGetShaderiv が関数 "private: bool __cdecl Shader::IsCompiled(unsigned int)" (?IsCompiled@Shader@@AEAA_NI@Z) で参照されました
Shader.obj : error LNK2019: 未解決の外部シンボル __imp___glewGetUniformLocation が関数 "public: void __cdecl Shader::SetFloatUniform(char const *,float const &)" (?SetFloatUniform@Shader@@QEAAXPEBDAEBM@Z) で参照されました
Shader.obj : error LNK2019: 未解決の外部シンボル __imp___glewLinkProgram が関数 "public: bool __cdecl Shader::Load(class std::basic_string<char,struct std::char_traits<char>,class std::allocator<char> > const &,class std::basic_string<char,struct std::char_traits<char>,class std::allocator<char> > const &)" (?Load@Shader@@QEAA_NAEBV?$basic_string@DU?$char_traits@D@std@@V?$allocator@D@2@@std@@0@Z) で参照されました
Shader.obj : error LNK2019: 未解決の外部シンボル __imp___glewShaderSource が関数 "private: bool __cdecl Shader::CompileShader(class std::basic_string<char,struct std::char_traits<char>,class std::allocator<char> > const &,unsigned int,unsigned int &)" (?CompileShader@Shader@@AEAA_NAEBV?$basic_string@DU?$char_traits@D@std@@V?$allocator@D@2@@std@@IAEAI@Z) で参照されました
Shader.obj : error LNK2019: 未解決の外部シンボル __imp___glewUniform1f が関数 "public: void __cdecl Shader::SetFloatUniform(char const *,float const &)" (?SetFloatUniform@Shader@@QEAAXPEBDAEBM@Z) で参照されました
Shader.obj : error LNK2019: 未解決の外部シンボル __imp___glewUniform1i が関数 "public: void __cdecl Shader::SetIntUniform(char const *,int)" (?SetIntUniform@Shader@@QEAAXPEBDH@Z) で参照されました
Shader.obj : error LNK2019: 未解決の外部シンボル __imp___glewUniform3fv が関数 "public: void __cdecl Shader::SetVectorUniform(char const *,class Vector3 const &)" (?SetVectorUniform@Shader@@QEAAXPEBDAEBVVector3@@@Z) で参照されました
Shader.obj : error LNK2019: 未解決の外部シンボル __imp___glewUniformMatrix4fv が関数 "public: void __cdecl Shader::SetMatrixUniform(char const *,class Matrix4 const &)" (?SetMatrixUniform@Shader@@QEAAXPEBDAEBVMatrix4@@@Z) で参照されました
Shader.obj : error LNK2019: 未解決の外部シンボル __imp___glewUseProgram が関数 "public: void __cdecl Shader::SetActive(void)" (?SetActive@Shader@@QEAAXXZ) で参照されました
Texture.obj : error LNK2019: 未解決の外部シンボル SDL_FreeSurface が関数 "public: bool __cdecl Texture::Load(class std::basic_string<char,struct std::char_traits<char>,class std::allocator<char> > const &)" (?Load@Texture@@QEAA_NAEBV?$basic_string@DU?$char_traits@D@std@@V?$allocator@D@2@@std@@@Z) で参照されました
Texture.obj : error LNK2019: 未解決の外部シンボル SDL_CreateTextureFromSurface が関数 "public: bool __cdecl Texture::Load(class std::basic_string<char,struct std::char_traits<char>,class std::allocator<char> > const &)" (?Load@Texture@@QEAA_NAEBV?$basic_string@DU?$char_traits@D@std@@V?$allocator@D@2@@std@@@Z) で参照されました
Texture.obj : error LNK2019: 未解決の外部シンボル IMG_Load が関数 "public: bool __cdecl Texture::Load(class std::basic_string<char,struct std::char_traits<char>,class std::allocator<char> > const &)" (?Load@Texture@@QEAA_NAEBV?$basic_string@DU?$char_traits@D@std@@V?$allocator@D@2@@std@@@Z) で参照されました
Texture.obj : error LNK2019: 未解決の外部シンボル __imp___glewGenerateMipmap が関数 "public: bool __cdecl Texture::Load(class std::basic_string<char,struct std::char_traits<char>,class std::allocator<char> > const &)" (?Load@Texture@@QEAA_NAEBV?$basic_string@DU?$char_traits@D@std@@V?$allocator@D@2@@std@@@Z) で参照されました
Texture.obj : error LNK2019: 未解決の外部シンボル __imp___GLEW_EXT_texture_filter_anisotropic が関数 "public: bool __cdecl Texture::Load(class std::basic_string<char,struct std::char_traits<char>,class std::allocator<char> > const &)" (?Load@Texture@@QEAA_NAEBV?$basic_string@DU?$char_traits@D@std@@V?$allocator@D@2@@std@@@Z) で参照されました
VertexArray.obj : error LNK2019: 未解決の外部シンボル __imp___glewDeleteBuffers が関数 "public: __cdecl VertexArray::~VertexArray(void)" (??1VertexArray@@QEAA@XZ) で参照されました
VertexArray.obj : error LNK2019: 未解決の外部シンボル __imp___glewVertexAttribIPointer が関数 "public: __cdecl VertexArray::VertexArray(void const *,unsigned int,enum VertexArray::Layout,unsigned int const *,unsigned int)" (??0VertexArray@@QEAA@PEBXIW4Layout@0@PEBII@Z) で参照されました
VertexArray.obj : error LNK2019: 未解決の外部シンボル __imp___glewDeleteVertexArrays が関数 "public: __cdecl VertexArray::~VertexArray(void)" (??1VertexArray@@QEAA@XZ) で参照されました
MSVCRTD.lib(exe_main.obj) : error LNK2019: 未解決の外部シンボル main が関数 "int __cdecl invoke_main(void)" (?invoke_main@@YAHXZ) で参照されました
..\..\external\SDL\lib\win\x86\SDL2.lib : warning LNK4272: ライブラリのコンピューターの種類 'x86' がターゲットのコンピューターの種類' x64' と競合しています
..\..\external\SDL\lib\win\x86\SDL2main.lib : warning LNK4272: ライブラリのコンピューターの種類 'x86' がターゲットのコンピューターの種類' x64' と競合しています
..\..\external\SDL\lib\win\x86\SDL2_ttf.lib : warning LNK4272: ライブラリのコンピューターの種類 'x86' がターゲットのコンピューターの種類' x64' と競合しています
..\..\external\SDL\lib\win\x86\SDL2_mixer.lib : warning LNK4272: ライブラリのコンピューターの種類 'x86' がターゲットのコンピューターの種類' x64' と競合しています
..\..\external\SDL\lib\win\x86\SDL2_image.lib : warning LNK4272: ライブラリのコンピューターの種類 'x86' がターゲットのコンピューターの種類' x64' と競合しています
..\..\external\GLEW\lib\win\x86\glew32.lib : warning LNK4272: ライブラリのコンピューターの種類 'x86' がターゲットのコンピューターの種類' x64' と競合しています
..\..\external\SOIL\lib\win\x86\SOIL.lib : warning LNK4272: ライブラリのコンピューターの種類 'x86' がターゲットのコンピューターの種類' x64' と競合しています
C:\Users\student\Desktop\Flame_of_Life\Action\x64\Debug\YouForget.exe : fatal error LNK1120: 71 件の未解決の外部参照
