  GameObject.cpp
  コード生成しています。
  1 of 3485 functions (<0.1%) were compiled, the rest were copied from previous compilation.
    0 functions were new in current compilation
    32 functions had inline decision re-evaluated but remain unchanged
  コード生成が終了しました。
  Flame_Of _Life.vcxproj -> C:\Users\suzun\Desktop\Flame_of_Life\Action\Release\Flame_Of _Life.exe
  C:\Users\suzun\Desktop\Flame_of_Life\Action\Flame_Of _Life\\..\..\external\SDL\lib\win\x86\libfreetype-6.dll
  C:\Users\suzun\Desktop\Flame_of_Life\Action\Flame_Of _Life\\..\..\external\SDL\lib\win\x86\libogg-0.dll
  C:\Users\suzun\Desktop\Flame_of_Life\Action\Flame_Of _Life\\..\..\external\SDL\lib\win\x86\libpng16-16.dll
  C:\Users\suzun\Desktop\Flame_of_Life\Action\Flame_Of _Life\\..\..\external\SDL\lib\win\x86\libvorbis-0.dll
  C:\Users\suzun\Desktop\Flame_of_Life\Action\Flame_Of _Life\\..\..\external\SDL\lib\win\x86\libvorbisfile-3.dll
  C:\Users\suzun\Desktop\Flame_of_Life\Action\Flame_Of _Life\\..\..\external\SDL\lib\win\x86\SDL2.dll
  C:\Users\suzun\Desktop\Flame_of_Life\Action\Flame_Of _Life\\..\..\external\SDL\lib\win\x86\SDL2_image.dll
  C:\Users\suzun\Desktop\Flame_of_Life\Action\Flame_Of _Life\\..\..\external\SDL\lib\win\x86\SDL2_mixer.dll
  C:\Users\suzun\Desktop\Flame_of_Life\Action\Flame_Of _Life\\..\..\external\SDL\lib\win\x86\SDL2_ttf.dll
  C:\Users\suzun\Desktop\Flame_of_Life\Action\Flame_Of _Life\\..\..\external\SDL\lib\win\x86\zlib1.dll
  10 個のファイルをコピーしました
  C:\Users\suzun\Desktop\Flame_of_Life\Action\Flame_Of _Life\\..\..\external\GLEW\lib\win\x86\glew32.dll
  1 個のファイルをコピーしました
